  exam.cpp
  main.cpp
  my_algorithm.cpp
  my_data_structure.cpp
F:\my_cpp\my_data_structure.cpp(40,18): warning C4018: '>=': signed/unsigned mismatch
  my_leet_code.cpp
F:\my_cpp\my_data_structure.cpp(269,21): warning C4018: '<': signed/unsigned mismatch
F:\my_cpp\my_leet_code.cpp(55,20): warning C4018: '<': signed/unsigned mismatch
F:\my_cpp\my_leet_code.cpp(57,20): warning C4018: '<': signed/unsigned mismatch
F:\my_cpp\my_leet_code.cpp(72,20): warning C4018: '<': signed/unsigned mismatch
F:\my_cpp\my_leet_code.cpp(143,24): warning C4018: '<': signed/unsigned mismatch
F:\my_cpp\my_leet_code.cpp(403,20): warning C4018: '<': signed/unsigned mismatch
F:\my_cpp\my_leet_code.cpp(534,20): warning C4018: '<': signed/unsigned mismatch
F:\my_cpp\my_leet_code.cpp(550,20): warning C4018: '<': signed/unsigned mismatch
F:\my_cpp\my_leet_code.cpp(552,21): warning C4018: '<': signed/unsigned mismatch
F:\my_cpp\my_leet_code.cpp(593,20): warning C4018: '<': signed/unsigned mismatch
F:\my_cpp\my_leet_code.cpp(603,20): warning C4018: '<': signed/unsigned mismatch
F:\my_cpp\my_leet_code.cpp(605,25): warning C4018: '<': signed/unsigned mismatch
F:\my_cpp\my_leet_code.cpp(623,20): warning C4018: '<': signed/unsigned mismatch
F:\my_cpp\my_leet_code.cpp(639,20): warning C4018: '<': signed/unsigned mismatch
F:\my_cpp\my_leet_code.cpp(662,20): warning C4018: '<': signed/unsigned mismatch
F:\my_cpp\my_leet_code.cpp(665,21): warning C4018: '<': signed/unsigned mismatch
F:\my_cpp\my_leet_code.cpp(713,15): warning C4018: '<': signed/unsigned mismatch
F:\my_cpp\my_leet_code.cpp(745,22): warning C4018: '<': signed/unsigned mismatch
F:\my_cpp\my_leet_code.cpp(747,20): warning C4018: '<': signed/unsigned mismatch
F:\my_cpp\my_leet_code.cpp(760,23): warning C4018: '<': signed/unsigned mismatch
F:\my_cpp\my_leet_code.cpp(949,20): warning C4018: '<': signed/unsigned mismatch
F:\my_cpp\my_leet_code.cpp(953,25): warning C4018: '<': signed/unsigned mismatch
F:\my_cpp\my_leet_code.cpp(962,27): warning C4018: '<': signed/unsigned mismatch
F:\my_cpp\my_leet_code.cpp(971,11): warning C4018: '>': signed/unsigned mismatch
F:\my_cpp\my_leet_code.cpp(1092,20): warning C4018: '<': signed/unsigned mismatch
F:\my_cpp\my_leet_code.cpp(1103,20): warning C4018: '<': signed/unsigned mismatch
F:\my_cpp\my_leet_code.cpp(1117,20): warning C4018: '<': signed/unsigned mismatch
F:\my_cpp\my_leet_code.cpp(1121,20): warning C4018: '<': signed/unsigned mismatch
F:\my_cpp\my_leet_code.cpp(1156,20): warning C4018: '<': signed/unsigned mismatch
  Generating Code...
F:\my_cpp\my_leet_code.cpp(1160,20): warning C4018: '<': signed/unsigned mismatch
F:\my_cpp\my_leet_code.cpp(1111): warning C4715: 'firstUniqChar': not all control paths return a value
  my_cpp.vcxproj -> F:\my_cpp\Debug\my_cpp.exe
